<?xml version="1.0" encoding="UTF-8"?>
<testsuite name="com.perficient.trainingsystem.controller.CourseAddControllerTest" time="0.264" tests="5" errors="0" skipped="0" failures="0">
  <properties>
[...]
</properties>
  <testcase name="testAddCourseForNormal" classname="com.perficient.trainingsystem.controller.CourseAddControllerTest" time="0.057"/>
  <testcase name="getCourseInfoByOldNameTest" classname="com.perficient.trainingsystem.controller.CourseAddControllerTest" time="0.034"/>
  <testcase name="updateCourseInfoForNormalTest" classname="com.perficient.trainingsystem.controller.CourseAddControllerTest" time="0.062"/>
  <testcase name="testAddCourseForExceprion" classname="com.perficient.trainingsystem.controller.CourseAddControllerTest" time="0.048"/>
  <testcase name="testAddCourseForSameNameExceprion" classname="com.perficient.trainingsystem.controller.CourseAddControllerTest" time="0.063"/>
</testsuite>