TN:
SF:/home/gitlab-runner/builds/99c6cc1b/0/bootcamp23/mycourse/src/TrainingSystemWeb_new/training_systemweb_new/src/components/AddCou.vue
FN:37,_interopRequireDefault
FN:260,data
FN:289,mounted
FN:297,orgName
FN:300,logoUrl
FN:305,priceToFloat
FN:308,clearNoNum
FN:318,rmButton
FN:334,addCou
FN:380,showErrMsg
FN:388,putStartTime
FN:391,getLogo
FN:395,save
FN:417,close
FN:418,(anonymous_15)
FN:427,postForm
FN:435,(anonymous_17)
FN:437,(anonymous_18)
FN:444,(anonymous_19)
FN:447,turnToList
FNF:20
FNH:14
FNDA:56,_interopRequireDefault
FNDA:16,data
FNDA:16,mounted
FNDA:3,orgName
FNDA:1,logoUrl
FNDA:1,priceToFloat
FNDA:1,clearNoNum
FNDA:1,rmButton
FNDA:2,addCou
FNDA:1,showErrMsg
FNDA:1,putStartTime
FNDA:1,getLogo
FNDA:2,save
FNDA:1,close
FNDA:0,(anonymous_15)
FNDA:0,postForm
FNDA:0,(anonymous_17)
FNDA:0,(anonymous_18)
FNDA:0,(anonymous_19)
FNDA:0,turnToList
DA:0,56
DA:215,8
DA:216,8
DA:217,8
DA:218,8
DA:219,8
DA:220,8
DA:221,8
DA:222,8
DA:223,8
DA:224,8
DA:225,8
DA:226,8
DA:230,16
DA:259,16
DA:266,3
DA:267,1
DA:270,1
DA:271,0
DA:276,1
DA:279,1
DA:280,1
DA:281,0
DA:282,0
DA:283,0
DA:284,0
DA:285,0
DA:289,1
DA:290,0
DA:295,0
DA:296,0
DA:301,0
DA:302,0
DA:307,0
DA:308,0
DA:313,0
DA:314,0
DA:319,0
DA:321,1
DA:322,0
DA:326,2
DA:329,2
DA:330,2
DA:331,2
DA:336,2
DA:337,2
DA:338,0
DA:343,0
DA:344,0
DA:345,0
DA:350,0
DA:351,0
DA:352,0
DA:357,0
DA:358,0
DA:359,0
DA:364,0
DA:365,0
DA:367,2
DA:368,2
DA:369,2
DA:376,2
DA:377,2
DA:378,0
DA:379,2
DA:380,2
DA:381,0
DA:382,0
DA:383,0
DA:384,0
DA:385,0
DA:386,0
DA:389,2
DA:391,0
DA:392,0
DA:395,0
DA:396,0
DA:400,1
DA:401,0
DA:402,0
DA:404,1
DA:408,1
DA:411,1
DA:412,1
DA:415,2
DA:416,1
DA:428,1
DA:429,1
DA:430,1
DA:431,1
DA:432,1
DA:433,0
DA:434,0
DA:435,0
DA:436,0
DA:445,0
DA:446,0
DA:460,0
DA:461,0
DA:466,1
DA:467,0
DA:469,1
DA:486,1
DA:487,0
DA:489,0
DA:490,0
DA:491,0
DA:496,0
DA:499,0
DA:500,0
DA:511,0
DA:513,0
DA:531,1
DA:532,0
DA:533,0
LF:115
LH:53
BRDA:37,1,0,8
BRDA:37,1,1,48
BRDA:37,2,0,56
BRDA:37,2,1,56
BRDA:298,3,0,2
BRDA:298,3,1,1
BRDA:301,4,0,1
BRDA:301,4,1,0
BRDA:314,5,0,0
BRDA:314,5,1,0
BRDA:314,6,0,0
BRDA:314,6,1,0
BRDA:319,7,0,0
BRDA:319,7,1,1
BRDA:319,8,0,0
BRDA:319,8,1,0
BRDA:321,9,0,0
BRDA:321,9,1,0
BRDA:323,10,0,0
BRDA:323,10,1,0
BRDA:325,11,0,0
BRDA:325,11,1,0
BRDA:327,12,0,0
BRDA:327,12,1,0
BRDA:330,13,0,0
BRDA:330,13,1,1
BRDA:338,14,0,2
BRDA:338,14,1,0
BRDA:341,15,0,0
BRDA:341,15,1,0
BRDA:344,16,0,0
BRDA:344,16,1,0
BRDA:347,17,0,0
BRDA:347,17,1,0
BRDA:350,18,0,0
BRDA:350,18,1,0
BRDA:354,19,0,2
BRDA:354,19,1,0
BRDA:354,20,0,2
BRDA:354,20,1,2
BRDA:354,20,2,2
BRDA:355,21,0,2
BRDA:355,21,1,0
BRDA:358,22,0,0
BRDA:358,22,1,2
BRDA:360,23,0,2
BRDA:360,23,1,0
BRDA:362,24,0,0
BRDA:362,24,1,0
BRDA:364,25,0,0
BRDA:364,25,1,0
BRDA:366,26,0,0
BRDA:366,26,1,0
BRDA:381,27,0,0
BRDA:381,27,1,1
BRDA:396,28,0,1
BRDA:396,28,1,1
BRDA:403,29,0,0
BRDA:403,29,1,0
BRDA:403,30,0,0
BRDA:403,30,1,0
BRDA:404,31,0,0
BRDA:404,31,1,0
BRDA:412,32,0,0
BRDA:412,32,1,0
BRDA:438,33,0,0
BRDA:438,33,1,0
BRF:67
BRH:20
end_of_record
TN:
SF:/home/gitlab-runner/builds/99c6cc1b/0/bootcamp23/mycourse/src/TrainingSystemWeb_new/training_systemweb_new/src/common/Modal.vue
FN:33,_interopRequireDefault
FN:69,data
FN:84,confirm
FN:85,showMyModal
FNF:4
FNH:3
FNDA:48,_interopRequireDefault
FNDA:27,data
FNDA:0,confirm
FNDA:4,showMyModal
DA:0,48
DA:32,8
DA:33,8
DA:34,8
DA:36,8
DA:37,8
DA:38,8
DA:39,8
DA:40,8
DA:44,27
DA:59,4
DA:60,4
DA:61,4
DA:62,4
DA:63,4
DA:64,4
DA:65,4
DA:66,4
DA:67,4
DA:68,4
LF:20
LH:20
BRDA:33,1,0,8
BRDA:33,1,1,40
BRDA:33,2,0,48
BRDA:33,2,1,48
BRF:4
BRH:4
end_of_record
TN:
SF:/home/gitlab-runner/builds/99c6cc1b/0/bootcamp23/mycourse/src/TrainingSystemWeb_new/training_systemweb_new/src/App.vue
FN:11,_interopRequireDefault
FNF:1
FNH:1
FNDA:7,_interopRequireDefault
DA:0,7
DA:9,7
LF:2
LH:2
BRDA:11,1,0,0
BRDA:11,1,1,7
BRDA:11,2,0,7
BRDA:11,2,1,7
BRF:4
BRH:4
end_of_record
TN:
SF:/home/gitlab-runner/builds/99c6cc1b/0/bootcamp23/mycourse/src/TrainingSystemWeb_new/training_systemweb_new/src/common/AppHeader.vue
FN:33,_interopRequireDefault
FNF:1
FNH:1
FNDA:42,_interopRequireDefault
DA:0,42
DA:14,7
DA:15,7
DA:16,7
DA:18,7
DA:19,7
DA:20,7
DA:21,7
DA:22,7
LF:9
LH:9
BRDA:33,1,0,7
BRDA:33,1,1,35
BRDA:33,2,0,42
BRDA:33,2,1,42
BRF:4
BRH:4
end_of_record
TN:
SF:/home/gitlab-runner/builds/99c6cc1b/0/bootcamp23/mycourse/src/TrainingSystemWeb_new/training_systemweb_new/src/components/ListOrg.vue
FN:45,_interopRequireDefault
FNF:1
FNH:1
FNDA:63,_interopRequireDefault
DA:0,63
DA:10,7
DA:12,7
DA:13,7
DA:14,7
DA:15,7
DA:16,7
DA:17,7
DA:19,7
DA:20,7
DA:21,7
DA:22,7
DA:23,7
LF:13
LH:13
BRDA:45,1,0,8
BRDA:45,1,1,55
BRDA:45,2,0,63
BRDA:45,2,1,63
BRF:4
BRH:4
end_of_record
TN:
SF:/home/gitlab-runner/builds/99c6cc1b/0/bootcamp23/mycourse/src/TrainingSystemWeb_new/training_systemweb_new/src/assets/js/ListTable.js
FN:33,_interopRequireDefault
FN:45,data
FN:57,mounted
FN:64,create
FN:67,del
FN:68,(anonymous_6)
FN:73,search
FN:77,selAllBtn
FN:81,(anonymous_9)
FN:86,selDel
FN:95,editOrg
FN:98,getAllData
FN:103,(anonymous_13)
FN:105,(anonymous_14)
FN:112,(anonymous_15)
FN:118,tPageIsZero
FN:124,delOrg
FN:128,(anonymous_18)
FN:130,(anonymous_19)
FN:136,(anonymous_20)
FN:140,(anonymous_21)
FN:143,removeStr
FN:149,delButtonDisabled
FN:153,flushList
FNF:24
FNH:14
FNDA:42,_interopRequireDefault
FNDA:7,data
FNDA:7,mounted
FNDA:1,create
FNDA:1,del
FNDA:0,(anonymous_6)
FNDA:1,search
FNDA:1,selAllBtn
FNDA:0,(anonymous_9)
FNDA:1,selDel
FNDA:1,editOrg
FNDA:2,getAllData
FNDA:2,(anonymous_13)
FNDA:0,(anonymous_14)
FNDA:2,(anonymous_15)
FNDA:0,tPageIsZero
FNDA:0,delOrg
FNDA:0,(anonymous_18)
FNDA:0,(anonymous_19)
FNDA:0,(anonymous_20)
FNDA:0,(anonymous_21)
FNDA:1,removeStr
FNDA:2,delButtonDisabled
FNDA:0,flushList
DA:0,42
DA:1,7
DA:2,7
DA:3,7
DA:4,7
DA:5,7
DA:6,7
DA:7,7
DA:9,7
DA:10,7
DA:11,7
DA:12,7
DA:13,7
DA:18,7
DA:30,7
DA:31,0
DA:32,0
DA:36,1
DA:39,1
DA:40,0
DA:42,0
DA:55,1
DA:56,1
DA:59,1
DA:60,1
DA:61,1
DA:62,1
DA:63,1
DA:64,0
DA:66,1
DA:69,1
DA:70,1
DA:71,1
DA:72,1
DA:73,1
DA:74,1
DA:75,1
DA:78,1
DA:81,1
DA:83,2
DA:84,2
DA:85,2
DA:86,1
DA:87,2
DA:89,2
DA:92,0
DA:93,0
DA:94,0
DA:95,0
DA:96,0
DA:97,0
DA:104,1
DA:105,0
DA:106,0
DA:107,0
DA:110,1
DA:111,0
DA:112,0
DA:113,0
DA:115,0
DA:118,0
DA:119,0
DA:120,0
DA:121,0
DA:122,0
DA:123,0
DA:124,0
DA:125,0
DA:131,1
DA:132,1
DA:135,1
DA:136,2
DA:137,2
DA:140,1
DA:141,0
DA:142,0
DA:143,0
DA:144,0
DA:147,0
DA:148,0
DA:149,0
DA:150,0
LF:82
LH:48
BRDA:33,1,0,7
BRDA:33,1,1,35
BRDA:33,2,0,42
BRDA:33,2,1,42
BRDA:81,3,0,1
BRDA:81,3,1,0
BRDA:90,4,0,0
BRDA:90,4,1,1
BRDA:102,5,0,1
BRDA:102,5,1,1
BRDA:145,6,0,0
BRDA:145,6,1,0
BRDA:150,7,0,0
BRDA:150,7,1,2
BRDA:156,8,0,0
BRDA:156,8,1,0
BRF:16
BRH:9
end_of_record
TN:
SF:/home/gitlab-runner/builds/99c6cc1b/0/bootcamp23/mycourse/src/TrainingSystemWeb_new/training_systemweb_new/src/common/ListPage.vue
FN:33,_interopRequireDefault
FN:84,data
FN:95,pageSub
FN:104,pageAdd
FN:113,goPage
FN:117,flushPageButton
FN:123,selPage
FNF:7
FNH:7
FNDA:48,_interopRequireDefault
FNDA:6,data
FNDA:1,pageSub
FNDA:1,pageAdd
FNDA:1,goPage
FNDA:2,flushPageButton
FNDA:1,selPage
DA:0,48
DA:46,8
DA:47,8
DA:48,8
DA:50,8
DA:51,8
DA:52,8
DA:53,8
DA:54,8
DA:55,8
DA:59,6
DA:69,1
DA:70,1
DA:71,1
DA:72,1
DA:73,5
DA:77,1
DA:78,1
DA:79,1
DA:80,1
DA:81,5
DA:85,1
DA:86,1
DA:87,0
DA:88,1
DA:101,2
DA:102,2
DA:103,1
DA:104,0
DA:106,1
DA:109,1
DA:110,0
LF:32
LH:29
BRDA:33,1,0,8
BRDA:33,1,1,40
BRDA:33,2,0,48
BRDA:33,2,1,48
BRDA:97,3,0,1
BRDA:97,3,1,0
BRDA:106,4,0,1
BRDA:106,4,1,0
BRDA:115,5,0,0
BRDA:115,5,1,1
BRDA:115,6,0,1
BRDA:115,6,1,0
BRDA:119,7,0,1
BRDA:119,7,1,1
BRF:14
BRH:10
end_of_record
TN:
SF:/home/gitlab-runner/builds/99c6cc1b/0/bootcamp23/mycourse/src/TrainingSystemWeb_new/training_systemweb_new/src/assets/js/AddOrg.js
FN:37,_interopRequireDefault
FN:46,data
FN:60,mounted
FN:69,(anonymous_4)
FN:71,(anonymous_5)
FN:81,(anonymous_6)
FN:89,orgName
FN:93,logoUrl
FN:98,getFile
FN:105,getLogo
FN:109,save
FN:112,close
FN:113,(anonymous_13)
FN:122,turnToList
FN:127,postForm
FN:136,(anonymous_16)
FN:138,(anonymous_17)
FN:146,(anonymous_18)
FNF:18
FNH:12
FNDA:49,_interopRequireDefault
FNDA:9,data
FNDA:9,mounted
FNDA:0,(anonymous_4)
FNDA:0,(anonymous_5)
FNDA:0,(anonymous_6)
FNDA:3,orgName
FNDA:1,logoUrl
FNDA:1,getFile
FNDA:1,getLogo
FNDA:2,save
FNDA:1,close
FNDA:0,(anonymous_13)
FNDA:0,turnToList
FNDA:1,postForm
FNDA:1,(anonymous_16)
FNDA:0,(anonymous_17)
FNDA:1,(anonymous_18)
DA:0,49
DA:1,7
DA:2,7
DA:3,7
DA:4,7
DA:5,7
DA:7,7
DA:8,7
DA:9,7
DA:10,7
DA:11,7
DA:12,7
DA:13,7
DA:17,9
DA:30,9
DA:31,9
DA:32,9
DA:33,0
DA:34,0
DA:35,0
DA:36,0
DA:37,0
DA:39,0
DA:42,0
DA:43,0
DA:44,0
DA:46,0
DA:47,0
DA:48,0
DA:49,0
DA:50,0
DA:59,3
DA:60,3
DA:63,1
DA:68,1
DA:69,0
DA:70,0
DA:71,0
DA:75,1
DA:76,1
DA:79,2
DA:80,1
DA:91,1
DA:94,1
DA:95,0
DA:97,1
DA:112,1
DA:113,0
DA:114,0
DA:117,1
DA:118,1
DA:119,1
DA:120,1
DA:121,1
DA:122,1
DA:123,1
DA:124,1
DA:129,1
DA:132,0
DA:133,0
DA:134,0
DA:145,0
DA:148,0
LF:63
LH:38
BRDA:37,1,0,7
BRDA:37,1,1,42
BRDA:37,2,0,49
BRDA:37,2,1,49
BRDA:66,3,0,0
BRDA:66,3,1,0
BRDA:110,4,0,1
BRDA:110,4,1,1
BRDA:131,5,0,0
BRDA:131,5,1,1
BRDA:140,6,0,0
BRDA:140,6,1,0
BRF:12
BRH:7
end_of_record
TN:
SF:/home/gitlab-runner/builds/99c6cc1b/0/bootcamp23/mycourse/src/TrainingSystemWeb_new/training_systemweb_new/src/components/ListCourses.vue
FN:45,_interopRequireDefault
FNF:1
FNH:1
FNDA:63,_interopRequireDefault
DA:0,63
DA:10,7
DA:11,7
DA:12,7
DA:13,7
DA:14,7
DA:15,7
DA:16,7
DA:18,7
DA:19,7
DA:20,7
DA:21,7
DA:22,7
LF:13
LH:13
BRDA:45,1,0,7
BRDA:45,1,1,56
BRDA:45,2,0,63
BRDA:45,2,1,63
BRF:4
BRH:4
end_of_record
TN:
SF:/home/gitlab-runner/builds/99c6cc1b/0/bootcamp23/mycourse/src/TrainingSystemWeb_new/training_systemweb_new/src/components/ListCourse.vue
FN:37,_interopRequireDefault
FN:110,data
FN:126,mounted
FN:132,del
FN:133,(anonymous_5)
FN:139,selAllBtn
FN:144,selAllDel
FN:146,(anonymous_8)
FN:156,editCourse
FN:159,selDel
FN:169,create
FN:172,logout
FN:175,getAllData
FN:184,(anonymous_14)
FN:186,(anonymous_15)
FN:190,(anonymous_16)
FN:191,(anonymous_17)
FN:193,(anonymous_18)
FN:201,(anonymous_19)
FN:212,delButtonDisabled
FN:215,flushComp
FN:221,removeStr
FN:226,delCourse
FN:231,(anonymous_24)
FN:233,(anonymous_25)
FN:239,(anonymous_26)
FN:243,(anonymous_27)
FN:245,flushList
FNF:28
FNH:12
FNDA:56,_interopRequireDefault
FNDA:7,data
FNDA:7,mounted
FNDA:1,del
FNDA:0,(anonymous_5)
FNDA:1,selAllBtn
FNDA:1,selAllDel
FNDA:0,(anonymous_8)
FNDA:1,editCourse
FNDA:1,selDel
FNDA:1,create
FNDA:1,logout
FNDA:8,getAllData
FNDA:0,(anonymous_14)
FNDA:0,(anonymous_15)
FNDA:0,(anonymous_16)
FNDA:0,(anonymous_17)
FNDA:0,(anonymous_18)
FNDA:0,(anonymous_19)
FNDA:2,delButtonDisabled
FNDA:0,flushComp
FNDA:0,removeStr
FNDA:0,delCourse
FNDA:0,(anonymous_24)
FNDA:0,(anonymous_25)
FNDA:0,(anonymous_26)
FNDA:0,(anonymous_27)
FNDA:0,flushList
DA:0,56
DA:62,8
DA:63,8
DA:64,8
DA:65,8
DA:66,8
DA:67,8
DA:68,8
DA:69,8
DA:70,8
DA:72,8
DA:73,8
DA:74,8
DA:75,8
DA:76,8
DA:80,7
DA:95,7
DA:96,7
DA:101,1
DA:102,0
DA:104,0
DA:105,0
DA:118,1
DA:119,1
DA:120,1
DA:123,1
DA:124,1
DA:125,0
DA:127,1
DA:129,0
DA:130,0
DA:132,1
DA:135,1
DA:138,1
DA:139,1
DA:140,1
DA:141,1
DA:142,1
DA:143,0
DA:144,1
DA:145,1
DA:146,1
DA:149,1
DA:152,1
DA:154,8
DA:155,8
DA:156,8
DA:157,8
DA:159,0
DA:160,0
DA:161,0
DA:163,0
DA:166,0
DA:167,0
DA:168,0
DA:171,0
DA:173,0
DA:176,0
DA:177,0
DA:179,0
DA:180,0
DA:181,0
DA:182,0
DA:196,1
DA:197,2
DA:198,1
DA:200,1
DA:201,0
DA:202,0
DA:203,0
DA:206,1
DA:207,0
DA:208,0
DA:210,1
DA:211,0
DA:213,0
DA:214,0
DA:216,0
DA:218,0
DA:219,0
DA:220,0
DA:221,0
DA:222,0
DA:223,0
DA:224,0
DA:225,0
DA:229,1
DA:230,0
DA:231,0
DA:232,0
DA:233,0
DA:236,0
DA:237,0
DA:238,0
LF:94
LH:48
BRDA:37,1,0,8
BRDA:37,1,1,48
BRDA:37,2,0,56
BRDA:37,2,1,56
BRDA:145,3,0,1
BRDA:145,3,1,0
BRDA:164,4,0,1
BRDA:164,4,1,0
BRDA:179,5,0,8
BRDA:179,5,1,0
BRDA:213,6,0,1
BRDA:213,6,1,1
BRDA:217,7,0,0
BRDA:217,7,1,0
BRDA:223,8,0,0
BRDA:223,8,1,0
BRDA:248,9,0,0
BRDA:248,9,1,0
BRF:18
BRH:9
end_of_record
TN:
SF:/home/gitlab-runner/builds/99c6cc1b/0/bootcamp23/mycourse/src/TrainingSystemWeb_new/training_systemweb_new/src/components/Login.vue
FN:37,_interopRequireDefault
FN:76,cilickLogin
FN:84,success
FN:88,(anonymous_4)
FNF:4
FNH:2
FNDA:56,_interopRequireDefault
FNDA:1,cilickLogin
FNDA:0,success
FNDA:0,(anonymous_4)
DA:0,56
DA:29,8
DA:30,8
DA:31,8
DA:32,8
DA:33,8
DA:35,8
DA:36,8
DA:37,8
DA:38,8
DA:39,8
DA:47,1
DA:48,1
DA:49,1
DA:50,1
DA:55,0
DA:57,0
DA:68,0
DA:69,0
DA:70,0
DA:71,0
DA:73,0
DA:74,0
DA:75,0
DA:77,0
DA:81,0
LF:26
LH:15
BRDA:37,1,0,8
BRDA:37,1,1,48
BRDA:37,2,0,56
BRDA:37,2,1,56
BRDA:85,3,0,0
BRDA:85,3,1,0
BRDA:89,4,0,0
BRDA:89,4,1,0
BRDA:93,5,0,0
BRDA:93,5,1,0
BRF:10
BRH:4
end_of_record
